<?xml version="1.0" encoding="UTF-8"?>
<testng-results ignored="0" total="1" passed="0" failed="1" skipped="0">
  <reporter-output>
  </reporter-output>
  <suite started-at="2025-03-03T15:48:10 EST" name="Default suite" finished-at="2025-03-03T15:48:36 EST" duration-ms="26274">
    <groups>
    </groups>
    <test started-at="2025-03-03T15:48:10 EST" name="Default test" finished-at="2025-03-03T15:48:36 EST" duration-ms="26274">
      <class name="testclasses.TC002_Admin_UserManagement">
        <test-method is-config="true" signature="setup()[pri:0, instance:testclasses.TC002_Admin_UserManagement@40238dd0]" started-at="2025-03-03T15:48:10 EST" name="setup" finished-at="2025-03-03T15:48:13 EST" duration-ms="2732" status="PASS">
          <reporter-output>
          </reporter-output>
        </test-method> <!-- setup -->
        <test-method is-config="true" signature="loadRunnableTest()[pri:0, instance:testclasses.TC002_Admin_UserManagement@40238dd0]" started-at="2025-03-03T15:48:13 EST" name="loadRunnableTest" finished-at="2025-03-03T15:48:14 EST" duration-ms="1100" status="PASS">
          <reporter-output>
          </reporter-output>
        </test-method> <!-- loadRunnableTest -->
        <test-method signature="validateUsrMgt_users()[pri:0, instance:testclasses.TC002_Admin_UserManagement@40238dd0]" started-at="2025-03-03T15:48:14 EST" name="validateUsrMgt_users" finished-at="2025-03-03T15:48:36 EST" duration-ms="22153" status="FAIL">
          <exception class="java.lang.AssertionError">
            <message>
              <![CDATA[Test case Failed]]>
            </message>
            <full-stacktrace>
              <![CDATA[java.lang.AssertionError: Test case Failed
at org.testng.Assert.fail(Assert.java:111)
at testclasses.TC002_Admin_UserManagement.validateUsrMgt_users(TC002_Admin_UserManagement.java:87)
at java.base/jdk.internal.reflect.DirectMethodHandleAccessor.invoke(DirectMethodHandleAccessor.java:103)
at java.base/java.lang.reflect.Method.invoke(Method.java:580)
at org.testng.internal.invokers.MethodInvocationHelper.invokeMethod(MethodInvocationHelper.java:139)
at org.testng.internal.invokers.TestInvoker.invokeMethod(TestInvoker.java:664)
at org.testng.internal.invokers.TestInvoker.invokeTestMethod(TestInvoker.java:228)
at org.testng.internal.invokers.MethodRunner.runInSequence(MethodRunner.java:63)
at org.testng.internal.invokers.TestInvoker$MethodInvocationAgent.invoke(TestInvoker.java:961)
at org.testng.internal.invokers.TestInvoker.invokeTestMethods(TestInvoker.java:201)
at org.testng.internal.invokers.TestMethodWorker.invokeTestMethods(TestMethodWorker.java:148)
at org.testng.internal.invokers.TestMethodWorker.run(TestMethodWorker.java:128)
at java.base/java.util.ArrayList.forEach(ArrayList.java:1597)
at org.testng.TestRunner.privateRun(TestRunner.java:819)
at org.testng.TestRunner.run(TestRunner.java:619)
at org.testng.SuiteRunner.runTest(SuiteRunner.java:443)
at org.testng.SuiteRunner.runSequentially(SuiteRunner.java:437)
at org.testng.SuiteRunner.privateRun(SuiteRunner.java:397)
at org.testng.SuiteRunner.run(SuiteRunner.java:336)
at org.testng.SuiteRunnerWorker.runSuite(SuiteRunnerWorker.java:52)
at org.testng.SuiteRunnerWorker.run(SuiteRunnerWorker.java:95)
at org.testng.TestNG.runSuitesSequentially(TestNG.java:1301)
at org.testng.TestNG.runSuitesLocally(TestNG.java:1228)
at org.testng.TestNG.runSuites(TestNG.java:1134)
at org.testng.TestNG.run(TestNG.java:1101)
at org.testng.remote.AbstractRemoteTestNG.run(AbstractRemoteTestNG.java:115)
at org.testng.remote.RemoteTestNG.initAndRun(RemoteTestNG.java:293)
at org.testng.remote.RemoteTestNG.main(RemoteTestNG.java:91)
]]>
            </full-stacktrace>
          </exception> <!-- java.lang.AssertionError -->
          <reporter-output>
          </reporter-output>
        </test-method> <!-- validateUsrMgt_users -->
        <test-method is-config="true" signature="tearDown()[pri:0, instance:testclasses.TC002_Admin_UserManagement@40238dd0]" started-at="2025-03-03T15:48:36 EST" name="tearDown" finished-at="2025-03-03T15:48:36 EST" duration-ms="168" status="PASS">
          <reporter-output>
          </reporter-output>
        </test-method> <!-- tearDown -->
      </class> <!-- testclasses.TC002_Admin_UserManagement -->
    </test> <!-- Default test -->
  </suite> <!-- Default suite -->
</testng-results>
